<?xml version="1.0" encoding="UTF-8"?>
<!-- Generated by org.testng.reporters.JUnitReportReporter -->
<testsuite hostname="Rasika" failures="0" tests="1" name="test.NewTest" time="0.018" errors="0" timestamp="2020-12-14T15:40:54 IST" skipped="0">
  <testcase classname="test.NewTest" name="f" time="0.018"/>
  <system-out/>
</testsuite> <!-- test.NewTest -->
